[0.014s] Invoking command in '/home/as33697920/deu_ws/build/articubot_one': CMAKE_PREFIX_PATH=${CMAKE_PREFIX_PATH}:/home/as33697920/ros2_ws/install/my_robot_controller:/home/as33697920/ros2_ws/install/launch_testing_examples:/home/as33697920/ros2_ws/install/examples_rclpy_pointcloud_publisher:/home/as33697920/ros2_ws/install/examples_rclpy_minimal_subscriber:/home/as33697920/ros2_ws/install/examples_rclpy_minimal_service:/home/as33697920/ros2_ws/install/examples_rclpy_minimal_publisher:/home/as33697920/ros2_ws/install/examples_rclpy_minimal_client:/home/as33697920/ros2_ws/install/examples_rclpy_minimal_action_server:/home/as33697920/ros2_ws/install/examples_rclpy_minimal_action_client:/home/as33697920/ros2_ws/install/examples_rclpy_guard_conditions:/home/as33697920/ros2_ws/install/examples_rclpy_executors:/opt/ros/humble /usr/bin/cmake /home/as33697920/deu_ws/src/articubot_one -DCMAKE_INSTALL_PREFIX=/home/as33697920/deu_ws/install/articubot_one
[0.144s] -- The C compiler identification is GNU 11.4.0
[0.562s] -- The CXX compiler identification is GNU 11.4.0
[0.858s] -- Detecting C compiler ABI info
[0.991s] -- Detecting C compiler ABI info - done
[0.998s] -- Check for working C compiler: /usr/bin/cc - skipped
[0.998s] -- Detecting C compile features
[0.998s] -- Detecting C compile features - done
[1.000s] -- Detecting CXX compiler ABI info
[1.135s] -- Detecting CXX compiler ABI info - done
[1.142s] -- Check for working CXX compiler: /usr/bin/c++ - skipped
[1.142s] -- Detecting CXX compile features
[1.142s] -- Detecting CXX compile features - done
[1.145s] -- Found ament_cmake: 1.3.10 (/opt/ros/humble/share/ament_cmake/cmake)
[1.275s] -- Found Python3: /usr/bin/python3 (found version "3.10.12") found components: Interpreter 
[1.367s] -- Found ament_lint_auto: 0.12.11 (/opt/ros/humble/share/ament_lint_auto/cmake)
[1.429s] [31mCMake Error at /opt/ros/humble/share/ament_cmake_core/cmake/core/ament_package_xml.cmake:53 (message):
[1.429s]   ament_package_xml() package name 'articubot_one' in '/package.xml' does not
[1.429s]   match current PROJECT_NAME 'my_bot'.  You must call project() with the same
[1.429s]   package name before.
[1.429s] Call Stack (most recent call first):
[1.429s]   /opt/ros/humble/share/ament_lint_auto/cmake/ament_lint_auto_find_test_dependencies.cmake:31 (ament_package_xml)
[1.429s]   CMakeLists.txt:32 (ament_lint_auto_find_test_dependencies)
[1.429s] 
[1.429s] [0m
[1.430s] -- Configuring incomplete, errors occurred!
[1.430s] See also "/home/as33697920/deu_ws/build/articubot_one/CMakeFiles/CMakeOutput.log".
[1.433s] Invoked command in '/home/as33697920/deu_ws/build/articubot_one' returned '1': CMAKE_PREFIX_PATH=${CMAKE_PREFIX_PATH}:/home/as33697920/ros2_ws/install/my_robot_controller:/home/as33697920/ros2_ws/install/launch_testing_examples:/home/as33697920/ros2_ws/install/examples_rclpy_pointcloud_publisher:/home/as33697920/ros2_ws/install/examples_rclpy_minimal_subscriber:/home/as33697920/ros2_ws/install/examples_rclpy_minimal_service:/home/as33697920/ros2_ws/install/examples_rclpy_minimal_publisher:/home/as33697920/ros2_ws/install/examples_rclpy_minimal_client:/home/as33697920/ros2_ws/install/examples_rclpy_minimal_action_server:/home/as33697920/ros2_ws/install/examples_rclpy_minimal_action_client:/home/as33697920/ros2_ws/install/examples_rclpy_guard_conditions:/home/as33697920/ros2_ws/install/examples_rclpy_executors:/opt/ros/humble /usr/bin/cmake /home/as33697920/deu_ws/src/articubot_one -DCMAKE_INSTALL_PREFIX=/home/as33697920/deu_ws/install/articubot_one
