[0.016s] Invoking command in '/home/as33697920/deu_ws/build/articubot_one': CMAKE_PREFIX_PATH=${CMAKE_PREFIX_PATH}:/home/as33697920/ros2_ws/install/my_robot_controller:/home/as33697920/ros2_ws/install/launch_testing_examples:/home/as33697920/ros2_ws/install/examples_rclpy_pointcloud_publisher:/home/as33697920/ros2_ws/install/examples_rclpy_minimal_subscriber:/home/as33697920/ros2_ws/install/examples_rclpy_minimal_service:/home/as33697920/ros2_ws/install/examples_rclpy_minimal_publisher:/home/as33697920/ros2_ws/install/examples_rclpy_minimal_client:/home/as33697920/ros2_ws/install/examples_rclpy_minimal_action_server:/home/as33697920/ros2_ws/install/examples_rclpy_minimal_action_client:/home/as33697920/ros2_ws/install/examples_rclpy_guard_conditions:/home/as33697920/ros2_ws/install/examples_rclpy_executors:/opt/ros/humble /usr/bin/cmake /home/as33697920/deu_ws/src/articubot_one -DCMAKE_INSTALL_PREFIX=/home/as33697920/deu_ws/install/articubot_one
[0.028s] -- Found ament_cmake: 1.3.10 (/opt/ros/humble/share/ament_cmake/cmake)
[0.192s] -- Override CMake install command with custom implementation using symlinks instead of copying resources
[0.199s] -- Found ament_lint_auto: 0.12.11 (/opt/ros/humble/share/ament_lint_auto/cmake)
[0.277s] -- Added test 'copyright' to check source files copyright and LICENSE
[0.279s] -- Added test 'flake8' to check Python code syntax and style conventions
[0.280s] -- Added test 'lint_cmake' to check CMake code style
[0.280s] -- Added test 'pep257' to check Python code against some of the docstring style conventions in PEP 257
[0.282s] -- Added test 'xmllint' to check XML markup files
[0.283s] -- Configuring done
[0.286s] -- Generating done
[0.288s] -- Build files have been written to: /home/as33697920/deu_ws/build/articubot_one
[0.292s] Invoked command in '/home/as33697920/deu_ws/build/articubot_one' returned '0': CMAKE_PREFIX_PATH=${CMAKE_PREFIX_PATH}:/home/as33697920/ros2_ws/install/my_robot_controller:/home/as33697920/ros2_ws/install/launch_testing_examples:/home/as33697920/ros2_ws/install/examples_rclpy_pointcloud_publisher:/home/as33697920/ros2_ws/install/examples_rclpy_minimal_subscriber:/home/as33697920/ros2_ws/install/examples_rclpy_minimal_service:/home/as33697920/ros2_ws/install/examples_rclpy_minimal_publisher:/home/as33697920/ros2_ws/install/examples_rclpy_minimal_client:/home/as33697920/ros2_ws/install/examples_rclpy_minimal_action_server:/home/as33697920/ros2_ws/install/examples_rclpy_minimal_action_client:/home/as33697920/ros2_ws/install/examples_rclpy_guard_conditions:/home/as33697920/ros2_ws/install/examples_rclpy_executors:/opt/ros/humble /usr/bin/cmake /home/as33697920/deu_ws/src/articubot_one -DCMAKE_INSTALL_PREFIX=/home/as33697920/deu_ws/install/articubot_one
[0.295s] Invoking command in '/home/as33697920/deu_ws/build/articubot_one': CMAKE_PREFIX_PATH=${CMAKE_PREFIX_PATH}:/home/as33697920/ros2_ws/install/my_robot_controller:/home/as33697920/ros2_ws/install/launch_testing_examples:/home/as33697920/ros2_ws/install/examples_rclpy_pointcloud_publisher:/home/as33697920/ros2_ws/install/examples_rclpy_minimal_subscriber:/home/as33697920/ros2_ws/install/examples_rclpy_minimal_service:/home/as33697920/ros2_ws/install/examples_rclpy_minimal_publisher:/home/as33697920/ros2_ws/install/examples_rclpy_minimal_client:/home/as33697920/ros2_ws/install/examples_rclpy_minimal_action_server:/home/as33697920/ros2_ws/install/examples_rclpy_minimal_action_client:/home/as33697920/ros2_ws/install/examples_rclpy_guard_conditions:/home/as33697920/ros2_ws/install/examples_rclpy_executors:/opt/ros/humble /usr/bin/cmake --build /home/as33697920/deu_ws/build/articubot_one -- -j12 -l12
[0.338s] Invoked command in '/home/as33697920/deu_ws/build/articubot_one' returned '0': CMAKE_PREFIX_PATH=${CMAKE_PREFIX_PATH}:/home/as33697920/ros2_ws/install/my_robot_controller:/home/as33697920/ros2_ws/install/launch_testing_examples:/home/as33697920/ros2_ws/install/examples_rclpy_pointcloud_publisher:/home/as33697920/ros2_ws/install/examples_rclpy_minimal_subscriber:/home/as33697920/ros2_ws/install/examples_rclpy_minimal_service:/home/as33697920/ros2_ws/install/examples_rclpy_minimal_publisher:/home/as33697920/ros2_ws/install/examples_rclpy_minimal_client:/home/as33697920/ros2_ws/install/examples_rclpy_minimal_action_server:/home/as33697920/ros2_ws/install/examples_rclpy_minimal_action_client:/home/as33697920/ros2_ws/install/examples_rclpy_guard_conditions:/home/as33697920/ros2_ws/install/examples_rclpy_executors:/opt/ros/humble /usr/bin/cmake --build /home/as33697920/deu_ws/build/articubot_one -- -j12 -l12
[0.398s] Invoking command in '/home/as33697920/deu_ws/build/articubot_one': CMAKE_PREFIX_PATH=${CMAKE_PREFIX_PATH}:/home/as33697920/ros2_ws/install/my_robot_controller:/home/as33697920/ros2_ws/install/launch_testing_examples:/home/as33697920/ros2_ws/install/examples_rclpy_pointcloud_publisher:/home/as33697920/ros2_ws/install/examples_rclpy_minimal_subscriber:/home/as33697920/ros2_ws/install/examples_rclpy_minimal_service:/home/as33697920/ros2_ws/install/examples_rclpy_minimal_publisher:/home/as33697920/ros2_ws/install/examples_rclpy_minimal_client:/home/as33697920/ros2_ws/install/examples_rclpy_minimal_action_server:/home/as33697920/ros2_ws/install/examples_rclpy_minimal_action_client:/home/as33697920/ros2_ws/install/examples_rclpy_guard_conditions:/home/as33697920/ros2_ws/install/examples_rclpy_executors:/opt/ros/humble /usr/bin/cmake --install /home/as33697920/deu_ws/build/articubot_one
[0.408s] -- Install configuration: ""
[0.409s] -- Execute custom install script
[0.409s] -- Up-to-date symlink: /home/as33697920/deu_ws/install/articubot_one/share/articubot_one/config/empty.yaml
[0.410s] -- Up-to-date symlink: /home/as33697920/deu_ws/install/articubot_one/share/articubot_one/description/robot.urdf.xacro
[0.410s] -- Up-to-date symlink: /home/as33697920/deu_ws/install/articubot_one/share/articubot_one/description/robot_core.xacro
[0.410s] -- Up-to-date symlink: /home/as33697920/deu_ws/install/articubot_one/share/articubot_one/launch/rsp.launch.py
[0.411s] -- Up-to-date symlink: /home/as33697920/deu_ws/install/articubot_one/share/articubot_one/worlds/empty.world
[0.412s] -- Up-to-date symlink: /home/as33697920/deu_ws/install/articubot_one/share/ament_index/resource_index/package_run_dependencies/articubot_one
[0.412s] -- Up-to-date symlink: /home/as33697920/deu_ws/install/articubot_one/share/ament_index/resource_index/parent_prefix_path/articubot_one
[0.412s] -- Up-to-date symlink: /home/as33697920/deu_ws/install/articubot_one/share/articubot_one/environment/ament_prefix_path.sh
[0.412s] -- Up-to-date symlink: /home/as33697920/deu_ws/install/articubot_one/share/articubot_one/environment/ament_prefix_path.dsv
[0.412s] -- Up-to-date symlink: /home/as33697920/deu_ws/install/articubot_one/share/articubot_one/environment/path.sh
[0.413s] -- Up-to-date symlink: /home/as33697920/deu_ws/install/articubot_one/share/articubot_one/environment/path.dsv
[0.413s] -- Up-to-date symlink: /home/as33697920/deu_ws/install/articubot_one/share/articubot_one/local_setup.bash
[0.413s] -- Up-to-date symlink: /home/as33697920/deu_ws/install/articubot_one/share/articubot_one/local_setup.sh
[0.414s] -- Up-to-date symlink: /home/as33697920/deu_ws/install/articubot_one/share/articubot_one/local_setup.zsh
[0.414s] -- Up-to-date symlink: /home/as33697920/deu_ws/install/articubot_one/share/articubot_one/local_setup.dsv
[0.414s] -- Symlinking: /home/as33697920/deu_ws/install/articubot_one/share/articubot_one/package.dsv
[0.434s] -- Up-to-date symlink: /home/as33697920/deu_ws/install/articubot_one/share/ament_index/resource_index/packages/articubot_one
[0.434s] -- Up-to-date symlink: /home/as33697920/deu_ws/install/articubot_one/share/articubot_one/cmake/articubot_oneConfig.cmake
[0.434s] -- Up-to-date symlink: /home/as33697920/deu_ws/install/articubot_one/share/articubot_one/cmake/articubot_oneConfig-version.cmake
[0.434s] -- Up-to-date symlink: /home/as33697920/deu_ws/install/articubot_one/share/articubot_one/package.xml
[0.439s] Invoked command in '/home/as33697920/deu_ws/build/articubot_one' returned '0': CMAKE_PREFIX_PATH=${CMAKE_PREFIX_PATH}:/home/as33697920/ros2_ws/install/my_robot_controller:/home/as33697920/ros2_ws/install/launch_testing_examples:/home/as33697920/ros2_ws/install/examples_rclpy_pointcloud_publisher:/home/as33697920/ros2_ws/install/examples_rclpy_minimal_subscriber:/home/as33697920/ros2_ws/install/examples_rclpy_minimal_service:/home/as33697920/ros2_ws/install/examples_rclpy_minimal_publisher:/home/as33697920/ros2_ws/install/examples_rclpy_minimal_client:/home/as33697920/ros2_ws/install/examples_rclpy_minimal_action_server:/home/as33697920/ros2_ws/install/examples_rclpy_minimal_action_client:/home/as33697920/ros2_ws/install/examples_rclpy_guard_conditions:/home/as33697920/ros2_ws/install/examples_rclpy_executors:/opt/ros/humble /usr/bin/cmake --install /home/as33697920/deu_ws/build/articubot_one
