[0.021s] Invoking command in '/home/as33697920/deu_ws/build/articubot_one': CMAKE_PREFIX_PATH=${CMAKE_PREFIX_PATH}:/home/as33697920/ros2_ws/install/my_robot_controller:/home/as33697920/ros2_ws/install/launch_testing_examples:/home/as33697920/ros2_ws/install/examples_rclpy_pointcloud_publisher:/home/as33697920/ros2_ws/install/examples_rclpy_minimal_subscriber:/home/as33697920/ros2_ws/install/examples_rclpy_minimal_service:/home/as33697920/ros2_ws/install/examples_rclpy_minimal_publisher:/home/as33697920/ros2_ws/install/examples_rclpy_minimal_client:/home/as33697920/ros2_ws/install/examples_rclpy_minimal_action_server:/home/as33697920/ros2_ws/install/examples_rclpy_minimal_action_client:/home/as33697920/ros2_ws/install/examples_rclpy_guard_conditions:/home/as33697920/ros2_ws/install/examples_rclpy_executors:/opt/ros/humble /usr/bin/cmake /home/as33697920/deu_ws/src/articubot_one -DAMENT_CMAKE_SYMLINK_INSTALL=1 -DCMAKE_INSTALL_PREFIX=/home/as33697920/deu_ws/install/articubot_one
[0.088s] -- Found ament_cmake: 1.3.10 (/opt/ros/humble/share/ament_cmake/cmake)
[0.235s] -- Override CMake install command with custom implementation using symlinks instead of copying resources
[0.251s] -- Found ament_lint_auto: 0.12.11 (/opt/ros/humble/share/ament_lint_auto/cmake)
[0.347s] -- Added test 'copyright' to check source files copyright and LICENSE
[0.352s] -- Added test 'flake8' to check Python code syntax and style conventions
[0.352s] -- Added test 'lint_cmake' to check CMake code style
[0.353s] -- Added test 'pep257' to check Python code against some of the docstring style conventions in PEP 257
[0.355s] -- Added test 'xmllint' to check XML markup files
[0.356s] -- Configuring done
[0.369s] -- Generating done
[0.371s] -- Build files have been written to: /home/as33697920/deu_ws/build/articubot_one
[0.378s] Invoked command in '/home/as33697920/deu_ws/build/articubot_one' returned '0': CMAKE_PREFIX_PATH=${CMAKE_PREFIX_PATH}:/home/as33697920/ros2_ws/install/my_robot_controller:/home/as33697920/ros2_ws/install/launch_testing_examples:/home/as33697920/ros2_ws/install/examples_rclpy_pointcloud_publisher:/home/as33697920/ros2_ws/install/examples_rclpy_minimal_subscriber:/home/as33697920/ros2_ws/install/examples_rclpy_minimal_service:/home/as33697920/ros2_ws/install/examples_rclpy_minimal_publisher:/home/as33697920/ros2_ws/install/examples_rclpy_minimal_client:/home/as33697920/ros2_ws/install/examples_rclpy_minimal_action_server:/home/as33697920/ros2_ws/install/examples_rclpy_minimal_action_client:/home/as33697920/ros2_ws/install/examples_rclpy_guard_conditions:/home/as33697920/ros2_ws/install/examples_rclpy_executors:/opt/ros/humble /usr/bin/cmake /home/as33697920/deu_ws/src/articubot_one -DAMENT_CMAKE_SYMLINK_INSTALL=1 -DCMAKE_INSTALL_PREFIX=/home/as33697920/deu_ws/install/articubot_one
[0.382s] Invoking command in '/home/as33697920/deu_ws/build/articubot_one': CMAKE_PREFIX_PATH=${CMAKE_PREFIX_PATH}:/home/as33697920/ros2_ws/install/my_robot_controller:/home/as33697920/ros2_ws/install/launch_testing_examples:/home/as33697920/ros2_ws/install/examples_rclpy_pointcloud_publisher:/home/as33697920/ros2_ws/install/examples_rclpy_minimal_subscriber:/home/as33697920/ros2_ws/install/examples_rclpy_minimal_service:/home/as33697920/ros2_ws/install/examples_rclpy_minimal_publisher:/home/as33697920/ros2_ws/install/examples_rclpy_minimal_client:/home/as33697920/ros2_ws/install/examples_rclpy_minimal_action_server:/home/as33697920/ros2_ws/install/examples_rclpy_minimal_action_client:/home/as33697920/ros2_ws/install/examples_rclpy_guard_conditions:/home/as33697920/ros2_ws/install/examples_rclpy_executors:/opt/ros/humble /usr/bin/cmake --build /home/as33697920/deu_ws/build/articubot_one -- -j12 -l12
[0.420s] Invoked command in '/home/as33697920/deu_ws/build/articubot_one' returned '0': CMAKE_PREFIX_PATH=${CMAKE_PREFIX_PATH}:/home/as33697920/ros2_ws/install/my_robot_controller:/home/as33697920/ros2_ws/install/launch_testing_examples:/home/as33697920/ros2_ws/install/examples_rclpy_pointcloud_publisher:/home/as33697920/ros2_ws/install/examples_rclpy_minimal_subscriber:/home/as33697920/ros2_ws/install/examples_rclpy_minimal_service:/home/as33697920/ros2_ws/install/examples_rclpy_minimal_publisher:/home/as33697920/ros2_ws/install/examples_rclpy_minimal_client:/home/as33697920/ros2_ws/install/examples_rclpy_minimal_action_server:/home/as33697920/ros2_ws/install/examples_rclpy_minimal_action_client:/home/as33697920/ros2_ws/install/examples_rclpy_guard_conditions:/home/as33697920/ros2_ws/install/examples_rclpy_executors:/opt/ros/humble /usr/bin/cmake --build /home/as33697920/deu_ws/build/articubot_one -- -j12 -l12
[0.452s] Invoking command in '/home/as33697920/deu_ws/build/articubot_one': CMAKE_PREFIX_PATH=${CMAKE_PREFIX_PATH}:/home/as33697920/ros2_ws/install/my_robot_controller:/home/as33697920/ros2_ws/install/launch_testing_examples:/home/as33697920/ros2_ws/install/examples_rclpy_pointcloud_publisher:/home/as33697920/ros2_ws/install/examples_rclpy_minimal_subscriber:/home/as33697920/ros2_ws/install/examples_rclpy_minimal_service:/home/as33697920/ros2_ws/install/examples_rclpy_minimal_publisher:/home/as33697920/ros2_ws/install/examples_rclpy_minimal_client:/home/as33697920/ros2_ws/install/examples_rclpy_minimal_action_server:/home/as33697920/ros2_ws/install/examples_rclpy_minimal_action_client:/home/as33697920/ros2_ws/install/examples_rclpy_guard_conditions:/home/as33697920/ros2_ws/install/examples_rclpy_executors:/opt/ros/humble /usr/bin/cmake --install /home/as33697920/deu_ws/build/articubot_one
[0.457s] -- Install configuration: ""
[0.458s] -- Execute custom install script
[0.458s] -- Symlinking: /home/as33697920/deu_ws/install/articubot_one/share/articubot_one/config/empty.yaml
[0.468s] -- Symlinking: /home/as33697920/deu_ws/install/articubot_one/share/articubot_one/description/robot.urdf.xacro
[0.476s] -- Symlinking: /home/as33697920/deu_ws/install/articubot_one/share/articubot_one/description/robot_core.xacro
[0.484s] -- Symlinking: /home/as33697920/deu_ws/install/articubot_one/share/articubot_one/launch/rsp.launch.py
[0.492s] -- Symlinking: /home/as33697920/deu_ws/install/articubot_one/share/articubot_one/worlds/empty.world
[0.500s] -- Symlinking: /home/as33697920/deu_ws/install/articubot_one/share/ament_index/resource_index/package_run_dependencies/articubot_one
[0.509s] -- Symlinking: /home/as33697920/deu_ws/install/articubot_one/share/ament_index/resource_index/parent_prefix_path/articubot_one
[0.517s] -- Symlinking: /home/as33697920/deu_ws/install/articubot_one/share/articubot_one/environment/ament_prefix_path.sh
[0.526s] -- Symlinking: /home/as33697920/deu_ws/install/articubot_one/share/articubot_one/environment/ament_prefix_path.dsv
[0.534s] -- Symlinking: /home/as33697920/deu_ws/install/articubot_one/share/articubot_one/environment/path.sh
[0.543s] -- Symlinking: /home/as33697920/deu_ws/install/articubot_one/share/articubot_one/environment/path.dsv
[0.551s] -- Symlinking: /home/as33697920/deu_ws/install/articubot_one/share/articubot_one/local_setup.bash
[0.559s] -- Symlinking: /home/as33697920/deu_ws/install/articubot_one/share/articubot_one/local_setup.sh
[0.567s] -- Symlinking: /home/as33697920/deu_ws/install/articubot_one/share/articubot_one/local_setup.zsh
[0.574s] -- Symlinking: /home/as33697920/deu_ws/install/articubot_one/share/articubot_one/local_setup.dsv
[0.582s] -- Symlinking: /home/as33697920/deu_ws/install/articubot_one/share/articubot_one/package.dsv
[0.591s] -- Symlinking: /home/as33697920/deu_ws/install/articubot_one/share/ament_index/resource_index/packages/articubot_one
[0.598s] -- Symlinking: /home/as33697920/deu_ws/install/articubot_one/share/articubot_one/cmake/articubot_oneConfig.cmake
[0.608s] -- Symlinking: /home/as33697920/deu_ws/install/articubot_one/share/articubot_one/cmake/articubot_oneConfig-version.cmake
[0.617s] -- Symlinking: /home/as33697920/deu_ws/install/articubot_one/share/articubot_one/package.xml
[0.631s] Invoked command in '/home/as33697920/deu_ws/build/articubot_one' returned '0': CMAKE_PREFIX_PATH=${CMAKE_PREFIX_PATH}:/home/as33697920/ros2_ws/install/my_robot_controller:/home/as33697920/ros2_ws/install/launch_testing_examples:/home/as33697920/ros2_ws/install/examples_rclpy_pointcloud_publisher:/home/as33697920/ros2_ws/install/examples_rclpy_minimal_subscriber:/home/as33697920/ros2_ws/install/examples_rclpy_minimal_service:/home/as33697920/ros2_ws/install/examples_rclpy_minimal_publisher:/home/as33697920/ros2_ws/install/examples_rclpy_minimal_client:/home/as33697920/ros2_ws/install/examples_rclpy_minimal_action_server:/home/as33697920/ros2_ws/install/examples_rclpy_minimal_action_client:/home/as33697920/ros2_ws/install/examples_rclpy_guard_conditions:/home/as33697920/ros2_ws/install/examples_rclpy_executors:/opt/ros/humble /usr/bin/cmake --install /home/as33697920/deu_ws/build/articubot_one
