[0.021s] Invoking command in '/home/as33697920/deu_ws/build/articubot_one': CMAKE_PREFIX_PATH=${CMAKE_PREFIX_PATH}:/home/as33697920/ros2_ws/install/my_robot_controller:/home/as33697920/ros2_ws/install/launch_testing_examples:/home/as33697920/ros2_ws/install/examples_rclpy_pointcloud_publisher:/home/as33697920/ros2_ws/install/examples_rclpy_minimal_subscriber:/home/as33697920/ros2_ws/install/examples_rclpy_minimal_service:/home/as33697920/ros2_ws/install/examples_rclpy_minimal_publisher:/home/as33697920/ros2_ws/install/examples_rclpy_minimal_client:/home/as33697920/ros2_ws/install/examples_rclpy_minimal_action_server:/home/as33697920/ros2_ws/install/examples_rclpy_minimal_action_client:/home/as33697920/ros2_ws/install/examples_rclpy_guard_conditions:/home/as33697920/ros2_ws/install/examples_rclpy_executors:/opt/ros/humble /usr/bin/cmake --build /home/as33697920/deu_ws/build/articubot_one -- -j12 -l12
[0.055s] Invoked command in '/home/as33697920/deu_ws/build/articubot_one' returned '0': CMAKE_PREFIX_PATH=${CMAKE_PREFIX_PATH}:/home/as33697920/ros2_ws/install/my_robot_controller:/home/as33697920/ros2_ws/install/launch_testing_examples:/home/as33697920/ros2_ws/install/examples_rclpy_pointcloud_publisher:/home/as33697920/ros2_ws/install/examples_rclpy_minimal_subscriber:/home/as33697920/ros2_ws/install/examples_rclpy_minimal_service:/home/as33697920/ros2_ws/install/examples_rclpy_minimal_publisher:/home/as33697920/ros2_ws/install/examples_rclpy_minimal_client:/home/as33697920/ros2_ws/install/examples_rclpy_minimal_action_server:/home/as33697920/ros2_ws/install/examples_rclpy_minimal_action_client:/home/as33697920/ros2_ws/install/examples_rclpy_guard_conditions:/home/as33697920/ros2_ws/install/examples_rclpy_executors:/opt/ros/humble /usr/bin/cmake --build /home/as33697920/deu_ws/build/articubot_one -- -j12 -l12
[0.090s] Invoking command in '/home/as33697920/deu_ws/build/articubot_one': CMAKE_PREFIX_PATH=${CMAKE_PREFIX_PATH}:/home/as33697920/ros2_ws/install/my_robot_controller:/home/as33697920/ros2_ws/install/launch_testing_examples:/home/as33697920/ros2_ws/install/examples_rclpy_pointcloud_publisher:/home/as33697920/ros2_ws/install/examples_rclpy_minimal_subscriber:/home/as33697920/ros2_ws/install/examples_rclpy_minimal_service:/home/as33697920/ros2_ws/install/examples_rclpy_minimal_publisher:/home/as33697920/ros2_ws/install/examples_rclpy_minimal_client:/home/as33697920/ros2_ws/install/examples_rclpy_minimal_action_server:/home/as33697920/ros2_ws/install/examples_rclpy_minimal_action_client:/home/as33697920/ros2_ws/install/examples_rclpy_guard_conditions:/home/as33697920/ros2_ws/install/examples_rclpy_executors:/opt/ros/humble /usr/bin/cmake --install /home/as33697920/deu_ws/build/articubot_one
[0.097s] -- Install configuration: ""
[0.098s] -- Execute custom install script
[0.098s] -- Up-to-date symlink: /home/as33697920/deu_ws/install/articubot_one/share/articubot_one/config/empty.yaml
[0.098s] -- Up-to-date symlink: /home/as33697920/deu_ws/install/articubot_one/share/articubot_one/description/robot.urdf.xacro
[0.098s] -- Up-to-date symlink: /home/as33697920/deu_ws/install/articubot_one/share/articubot_one/description/robot_core.xacro
[0.098s] -- Up-to-date symlink: /home/as33697920/deu_ws/install/articubot_one/share/articubot_one/launch/rsp.launch.py
[0.098s] -- Up-to-date symlink: /home/as33697920/deu_ws/install/articubot_one/share/articubot_one/worlds/empty.world
[0.098s] -- Up-to-date symlink: /home/as33697920/deu_ws/install/articubot_one/share/ament_index/resource_index/package_run_dependencies/articubot_one
[0.098s] -- Up-to-date symlink: /home/as33697920/deu_ws/install/articubot_one/share/ament_index/resource_index/parent_prefix_path/articubot_one
[0.099s] -- Up-to-date symlink: /home/as33697920/deu_ws/install/articubot_one/share/articubot_one/environment/ament_prefix_path.sh
[0.099s] -- Up-to-date symlink: /home/as33697920/deu_ws/install/articubot_one/share/articubot_one/environment/ament_prefix_path.dsv
[0.099s] -- Up-to-date symlink: /home/as33697920/deu_ws/install/articubot_one/share/articubot_one/environment/path.sh
[0.099s] -- Up-to-date symlink: /home/as33697920/deu_ws/install/articubot_one/share/articubot_one/environment/path.dsv
[0.099s] -- Up-to-date symlink: /home/as33697920/deu_ws/install/articubot_one/share/articubot_one/local_setup.bash
[0.099s] -- Up-to-date symlink: /home/as33697920/deu_ws/install/articubot_one/share/articubot_one/local_setup.sh
[0.100s] -- Up-to-date symlink: /home/as33697920/deu_ws/install/articubot_one/share/articubot_one/local_setup.zsh
[0.100s] -- Up-to-date symlink: /home/as33697920/deu_ws/install/articubot_one/share/articubot_one/local_setup.dsv
[0.100s] -- Symlinking: /home/as33697920/deu_ws/install/articubot_one/share/articubot_one/package.dsv
[0.109s] -- Up-to-date symlink: /home/as33697920/deu_ws/install/articubot_one/share/ament_index/resource_index/packages/articubot_one
[0.110s] -- Up-to-date symlink: /home/as33697920/deu_ws/install/articubot_one/share/articubot_one/cmake/articubot_oneConfig.cmake
[0.110s] -- Up-to-date symlink: /home/as33697920/deu_ws/install/articubot_one/share/articubot_one/cmake/articubot_oneConfig-version.cmake
[0.110s] -- Up-to-date symlink: /home/as33697920/deu_ws/install/articubot_one/share/articubot_one/package.xml
[0.114s] Invoked command in '/home/as33697920/deu_ws/build/articubot_one' returned '0': CMAKE_PREFIX_PATH=${CMAKE_PREFIX_PATH}:/home/as33697920/ros2_ws/install/my_robot_controller:/home/as33697920/ros2_ws/install/launch_testing_examples:/home/as33697920/ros2_ws/install/examples_rclpy_pointcloud_publisher:/home/as33697920/ros2_ws/install/examples_rclpy_minimal_subscriber:/home/as33697920/ros2_ws/install/examples_rclpy_minimal_service:/home/as33697920/ros2_ws/install/examples_rclpy_minimal_publisher:/home/as33697920/ros2_ws/install/examples_rclpy_minimal_client:/home/as33697920/ros2_ws/install/examples_rclpy_minimal_action_server:/home/as33697920/ros2_ws/install/examples_rclpy_minimal_action_client:/home/as33697920/ros2_ws/install/examples_rclpy_guard_conditions:/home/as33697920/ros2_ws/install/examples_rclpy_executors:/opt/ros/humble /usr/bin/cmake --install /home/as33697920/deu_ws/build/articubot_one
