[0.260s] DEBUG:colcon:Command line arguments: ['/usr/bin/colcon', 'build']
[0.260s] DEBUG:colcon:Parsed command line arguments: Namespace(log_base=None, log_level=None, verb_name='build', build_base='build', install_base='install', merge_install=False, symlink_install=False, test_result_base=None, continue_on_error=False, executor='parallel', parallel_workers=12, event_handlers=None, ignore_user_meta=False, metas=['./colcon.meta'], base_paths=['.'], packages_ignore=None, packages_ignore_regex=None, paths=None, packages_up_to=None, packages_up_to_regex=None, packages_above=None, packages_above_and_dependencies=None, packages_above_depth=None, packages_select_by_dep=None, packages_skip_by_dep=None, packages_skip_up_to=None, packages_select_build_failed=False, packages_skip_build_finished=False, packages_select_test_failures=False, packages_skip_test_passed=False, packages_select=None, packages_skip=None, packages_select_regex=None, packages_skip_regex=None, packages_start=None, packages_end=None, allow_overriding=[], cmake_args=None, cmake_target=None, cmake_target_skip_unavailable=False, cmake_clean_cache=False, cmake_clean_first=False, cmake_force_configure=False, ament_cmake_args=None, catkin_cmake_args=None, catkin_skip_building_tests=False, mixin_files=None, mixin=None, verb_parser=<colcon_mixin.mixin.mixin_argument.MixinArgumentDecorator object at 0x7f071e84ed70>, verb_extension=<colcon_core.verb.build.BuildVerb object at 0x7f071e84e8c0>, main=<bound method BuildVerb.main of <colcon_core.verb.build.BuildVerb object at 0x7f071e84e8c0>>, mixin_verb=('build',))
[0.432s] Level 1:colcon.colcon_core.package_discovery:discover_packages(colcon_meta) check parameters
[0.432s] Level 1:colcon.colcon_core.package_discovery:discover_packages(recursive) check parameters
[0.432s] Level 1:colcon.colcon_core.package_discovery:discover_packages(ignore) check parameters
[0.432s] Level 1:colcon.colcon_core.package_discovery:discover_packages(path) check parameters
[0.432s] Level 1:colcon.colcon_core.package_discovery:discover_packages(colcon_meta) discover
[0.433s] Level 1:colcon.colcon_core.package_discovery:discover_packages(recursive) discover
[0.433s] INFO:colcon.colcon_core.package_discovery:Crawling recursively for packages in '/home/as33697920/deu_ws'
[0.433s] Level 1:colcon.colcon_core.package_identification:_identify(.) by extensions ['ignore', 'ignore_ament_install']
[0.433s] Level 1:colcon.colcon_core.package_identification:_identify(.) by extension 'ignore'
[0.433s] Level 1:colcon.colcon_core.package_identification:_identify(.) by extension 'ignore_ament_install'
[0.433s] Level 1:colcon.colcon_core.package_identification:_identify(.) by extensions ['colcon_pkg']
[0.433s] Level 1:colcon.colcon_core.package_identification:_identify(.) by extension 'colcon_pkg'
[0.433s] Level 1:colcon.colcon_core.package_identification:_identify(.) by extensions ['colcon_meta']
[0.433s] Level 1:colcon.colcon_core.package_identification:_identify(.) by extension 'colcon_meta'
[0.433s] Level 1:colcon.colcon_core.package_identification:_identify(.) by extensions ['ros']
[0.433s] Level 1:colcon.colcon_core.package_identification:_identify(.) by extension 'ros'
[0.444s] Level 1:colcon.colcon_core.package_identification:_identify(.) by extensions ['cmake', 'python']
[0.445s] Level 1:colcon.colcon_core.package_identification:_identify(.) by extension 'cmake'
[0.445s] Level 1:colcon.colcon_core.package_identification:_identify(.) by extension 'python'
[0.445s] Level 1:colcon.colcon_core.package_identification:_identify(.) by extensions ['python_setup_py']
[0.445s] Level 1:colcon.colcon_core.package_identification:_identify(.) by extension 'python_setup_py'
[0.445s] Level 1:colcon.colcon_core.package_identification:_identify(build) by extensions ['ignore', 'ignore_ament_install']
[0.445s] Level 1:colcon.colcon_core.package_identification:_identify(build) by extension 'ignore'
[0.445s] Level 1:colcon.colcon_core.package_identification:_identify(build) ignored
[0.445s] Level 1:colcon.colcon_core.package_identification:_identify(install) by extensions ['ignore', 'ignore_ament_install']
[0.445s] Level 1:colcon.colcon_core.package_identification:_identify(install) by extension 'ignore'
[0.445s] Level 1:colcon.colcon_core.package_identification:_identify(install) ignored
[0.445s] Level 1:colcon.colcon_core.package_identification:_identify(log) by extensions ['ignore', 'ignore_ament_install']
[0.445s] Level 1:colcon.colcon_core.package_identification:_identify(log) by extension 'ignore'
[0.445s] Level 1:colcon.colcon_core.package_identification:_identify(log) ignored
[0.446s] Level 1:colcon.colcon_core.package_identification:_identify(src) by extensions ['ignore', 'ignore_ament_install']
[0.446s] Level 1:colcon.colcon_core.package_identification:_identify(src) by extension 'ignore'
[0.446s] Level 1:colcon.colcon_core.package_identification:_identify(src) by extension 'ignore_ament_install'
[0.446s] Level 1:colcon.colcon_core.package_identification:_identify(src) by extensions ['colcon_pkg']
[0.446s] Level 1:colcon.colcon_core.package_identification:_identify(src) by extension 'colcon_pkg'
[0.446s] Level 1:colcon.colcon_core.package_identification:_identify(src) by extensions ['colcon_meta']
[0.446s] Level 1:colcon.colcon_core.package_identification:_identify(src) by extension 'colcon_meta'
[0.446s] Level 1:colcon.colcon_core.package_identification:_identify(src) by extensions ['ros']
[0.446s] Level 1:colcon.colcon_core.package_identification:_identify(src) by extension 'ros'
[0.446s] Level 1:colcon.colcon_core.package_identification:_identify(src) by extensions ['cmake', 'python']
[0.446s] Level 1:colcon.colcon_core.package_identification:_identify(src) by extension 'cmake'
[0.446s] Level 1:colcon.colcon_core.package_identification:_identify(src) by extension 'python'
[0.446s] Level 1:colcon.colcon_core.package_identification:_identify(src) by extensions ['python_setup_py']
[0.446s] Level 1:colcon.colcon_core.package_identification:_identify(src) by extension 'python_setup_py'
[0.446s] Level 1:colcon.colcon_core.package_identification:_identify(src/articubot_one) by extensions ['ignore', 'ignore_ament_install']
[0.446s] Level 1:colcon.colcon_core.package_identification:_identify(src/articubot_one) by extension 'ignore'
[0.446s] Level 1:colcon.colcon_core.package_identification:_identify(src/articubot_one) by extension 'ignore_ament_install'
[0.446s] Level 1:colcon.colcon_core.package_identification:_identify(src/articubot_one) by extensions ['colcon_pkg']
[0.446s] Level 1:colcon.colcon_core.package_identification:_identify(src/articubot_one) by extension 'colcon_pkg'
[0.446s] Level 1:colcon.colcon_core.package_identification:_identify(src/articubot_one) by extensions ['colcon_meta']
[0.446s] Level 1:colcon.colcon_core.package_identification:_identify(src/articubot_one) by extension 'colcon_meta'
[0.446s] Level 1:colcon.colcon_core.package_identification:_identify(src/articubot_one) by extensions ['ros']
[0.446s] Level 1:colcon.colcon_core.package_identification:_identify(src/articubot_one) by extension 'ros'
[0.449s] DEBUG:colcon.colcon_core.package_identification:Package 'src/articubot_one' with type 'ros.ament_cmake' and name 'my_bot'
[0.449s] Level 1:colcon.colcon_core.package_identification:_identify(src/build) by extensions ['ignore', 'ignore_ament_install']
[0.449s] Level 1:colcon.colcon_core.package_identification:_identify(src/build) by extension 'ignore'
[0.449s] Level 1:colcon.colcon_core.package_identification:_identify(src/build) ignored
[0.449s] Level 1:colcon.colcon_core.package_identification:_identify(src/install) by extensions ['ignore', 'ignore_ament_install']
[0.449s] Level 1:colcon.colcon_core.package_identification:_identify(src/install) by extension 'ignore'
[0.449s] Level 1:colcon.colcon_core.package_identification:_identify(src/install) ignored
[0.449s] Level 1:colcon.colcon_core.package_identification:_identify(src/log) by extensions ['ignore', 'ignore_ament_install']
[0.449s] Level 1:colcon.colcon_core.package_identification:_identify(src/log) by extension 'ignore'
[0.450s] Level 1:colcon.colcon_core.package_identification:_identify(src/log) ignored
[0.450s] Level 1:colcon.colcon_core.package_discovery:discover_packages(recursive) using defaults
[0.450s] Level 1:colcon.colcon_core.package_discovery:discover_packages(ignore) discover
[0.450s] Level 1:colcon.colcon_core.package_discovery:discover_packages(ignore) using defaults
[0.450s] Level 1:colcon.colcon_core.package_discovery:discover_packages(path) discover
[0.450s] Level 1:colcon.colcon_core.package_discovery:discover_packages(path) using defaults
[0.473s] Level 1:colcon.colcon_core.package_discovery:discover_packages(prefix_path) check parameters
[0.473s] Level 1:colcon.colcon_core.package_discovery:discover_packages(prefix_path) discover
[0.474s] WARNING:colcon.colcon_ros.prefix_path.ament:The path '/home/as33697920/deu_ws/install/my_bot' in the environment variable AMENT_PREFIX_PATH doesn't exist
[0.475s] WARNING:colcon.colcon_ros.prefix_path.catkin:The path '/home/as33697920/deu_ws/install/my_bot' in the environment variable CMAKE_PREFIX_PATH doesn't exist
[0.476s] DEBUG:colcon.colcon_installed_package_information.package_discovery:Found 0 installed packages in /home/as33697920/deu_ws/install
[0.477s] DEBUG:colcon.colcon_installed_package_information.package_discovery:Found 23 installed packages in /home/as33697920/ros2_ws/install
[0.479s] DEBUG:colcon.colcon_installed_package_information.package_discovery:Found 317 installed packages in /opt/ros/humble
[0.481s] Level 1:colcon.colcon_core.package_discovery:discover_packages(prefix_path) using defaults
[0.563s] Level 5:colcon.colcon_core.verb:set package 'my_bot' build argument 'cmake_args' from command line to 'None'
[0.563s] Level 5:colcon.colcon_core.verb:set package 'my_bot' build argument 'cmake_target' from command line to 'None'
[0.563s] Level 5:colcon.colcon_core.verb:set package 'my_bot' build argument 'cmake_target_skip_unavailable' from command line to 'False'
[0.563s] Level 5:colcon.colcon_core.verb:set package 'my_bot' build argument 'cmake_clean_cache' from command line to 'False'
[0.563s] Level 5:colcon.colcon_core.verb:set package 'my_bot' build argument 'cmake_clean_first' from command line to 'False'
[0.563s] Level 5:colcon.colcon_core.verb:set package 'my_bot' build argument 'cmake_force_configure' from command line to 'False'
[0.563s] Level 5:colcon.colcon_core.verb:set package 'my_bot' build argument 'ament_cmake_args' from command line to 'None'
[0.563s] Level 5:colcon.colcon_core.verb:set package 'my_bot' build argument 'catkin_cmake_args' from command line to 'None'
[0.563s] Level 5:colcon.colcon_core.verb:set package 'my_bot' build argument 'catkin_skip_building_tests' from command line to 'False'
[0.563s] DEBUG:colcon.colcon_core.verb:Building package 'my_bot' with the following arguments: {'ament_cmake_args': None, 'build_base': '/home/as33697920/deu_ws/build/my_bot', 'catkin_cmake_args': None, 'catkin_skip_building_tests': False, 'cmake_args': None, 'cmake_clean_cache': False, 'cmake_clean_first': False, 'cmake_force_configure': False, 'cmake_target': None, 'cmake_target_skip_unavailable': False, 'install_base': '/home/as33697920/deu_ws/install/my_bot', 'merge_install': False, 'path': '/home/as33697920/deu_ws/src/articubot_one', 'symlink_install': False, 'test_result_base': None}
[0.563s] INFO:colcon.colcon_core.executor:Executing jobs using 'parallel' executor
[0.566s] DEBUG:colcon.colcon_parallel_executor.executor.parallel:run_until_complete
[0.566s] INFO:colcon.colcon_ros.task.ament_cmake.build:Building ROS package in '/home/as33697920/deu_ws/src/articubot_one' with build type 'ament_cmake'
[0.566s] INFO:colcon.colcon_cmake.task.cmake.build:Building CMake package in '/home/as33697920/deu_ws/src/articubot_one'
[0.571s] INFO:colcon.colcon_core.plugin_system:Skipping extension 'colcon_core.shell.bat': Not used on non-Windows systems
[0.571s] INFO:colcon.colcon_core.shell:Skip shell extension 'powershell' for command environment: Not usable outside of PowerShell
[0.571s] DEBUG:colcon.colcon_core.shell:Skip shell extension 'dsv' for command environment
[0.592s] DEBUG:colcon.colcon_core.event_handler.log_command:Invoking command in '/home/as33697920/deu_ws/build/my_bot': CMAKE_PREFIX_PATH=${CMAKE_PREFIX_PATH}:/home/as33697920/ros2_ws/install/my_robot_controller:/home/as33697920/ros2_ws/install/launch_testing_examples:/home/as33697920/ros2_ws/install/examples_rclpy_pointcloud_publisher:/home/as33697920/ros2_ws/install/examples_rclpy_minimal_subscriber:/home/as33697920/ros2_ws/install/examples_rclpy_minimal_service:/home/as33697920/ros2_ws/install/examples_rclpy_minimal_publisher:/home/as33697920/ros2_ws/install/examples_rclpy_minimal_client:/home/as33697920/ros2_ws/install/examples_rclpy_minimal_action_server:/home/as33697920/ros2_ws/install/examples_rclpy_minimal_action_client:/home/as33697920/ros2_ws/install/examples_rclpy_guard_conditions:/home/as33697920/ros2_ws/install/examples_rclpy_executors:/opt/ros/humble /usr/bin/cmake /home/as33697920/deu_ws/src/articubot_one -DCMAKE_INSTALL_PREFIX=/home/as33697920/deu_ws/install/my_bot
[2.104s] DEBUG:colcon.colcon_core.event_handler.log_command:Invoked command in '/home/as33697920/deu_ws/build/my_bot' returned '0': CMAKE_PREFIX_PATH=${CMAKE_PREFIX_PATH}:/home/as33697920/ros2_ws/install/my_robot_controller:/home/as33697920/ros2_ws/install/launch_testing_examples:/home/as33697920/ros2_ws/install/examples_rclpy_pointcloud_publisher:/home/as33697920/ros2_ws/install/examples_rclpy_minimal_subscriber:/home/as33697920/ros2_ws/install/examples_rclpy_minimal_service:/home/as33697920/ros2_ws/install/examples_rclpy_minimal_publisher:/home/as33697920/ros2_ws/install/examples_rclpy_minimal_client:/home/as33697920/ros2_ws/install/examples_rclpy_minimal_action_server:/home/as33697920/ros2_ws/install/examples_rclpy_minimal_action_client:/home/as33697920/ros2_ws/install/examples_rclpy_guard_conditions:/home/as33697920/ros2_ws/install/examples_rclpy_executors:/opt/ros/humble /usr/bin/cmake /home/as33697920/deu_ws/src/articubot_one -DCMAKE_INSTALL_PREFIX=/home/as33697920/deu_ws/install/my_bot
[2.106s] DEBUG:colcon.colcon_core.event_handler.log_command:Invoking command in '/home/as33697920/deu_ws/build/my_bot': CMAKE_PREFIX_PATH=${CMAKE_PREFIX_PATH}:/home/as33697920/ros2_ws/install/my_robot_controller:/home/as33697920/ros2_ws/install/launch_testing_examples:/home/as33697920/ros2_ws/install/examples_rclpy_pointcloud_publisher:/home/as33697920/ros2_ws/install/examples_rclpy_minimal_subscriber:/home/as33697920/ros2_ws/install/examples_rclpy_minimal_service:/home/as33697920/ros2_ws/install/examples_rclpy_minimal_publisher:/home/as33697920/ros2_ws/install/examples_rclpy_minimal_client:/home/as33697920/ros2_ws/install/examples_rclpy_minimal_action_server:/home/as33697920/ros2_ws/install/examples_rclpy_minimal_action_client:/home/as33697920/ros2_ws/install/examples_rclpy_guard_conditions:/home/as33697920/ros2_ws/install/examples_rclpy_executors:/opt/ros/humble /usr/bin/cmake --build /home/as33697920/deu_ws/build/my_bot -- -j12 -l12
[2.131s] DEBUG:colcon.colcon_core.event_handler.log_command:Invoked command in '/home/as33697920/deu_ws/build/my_bot' returned '0': CMAKE_PREFIX_PATH=${CMAKE_PREFIX_PATH}:/home/as33697920/ros2_ws/install/my_robot_controller:/home/as33697920/ros2_ws/install/launch_testing_examples:/home/as33697920/ros2_ws/install/examples_rclpy_pointcloud_publisher:/home/as33697920/ros2_ws/install/examples_rclpy_minimal_subscriber:/home/as33697920/ros2_ws/install/examples_rclpy_minimal_service:/home/as33697920/ros2_ws/install/examples_rclpy_minimal_publisher:/home/as33697920/ros2_ws/install/examples_rclpy_minimal_client:/home/as33697920/ros2_ws/install/examples_rclpy_minimal_action_server:/home/as33697920/ros2_ws/install/examples_rclpy_minimal_action_client:/home/as33697920/ros2_ws/install/examples_rclpy_guard_conditions:/home/as33697920/ros2_ws/install/examples_rclpy_executors:/opt/ros/humble /usr/bin/cmake --build /home/as33697920/deu_ws/build/my_bot -- -j12 -l12
[2.156s] DEBUG:colcon.colcon_core.event_handler.log_command:Invoking command in '/home/as33697920/deu_ws/build/my_bot': CMAKE_PREFIX_PATH=${CMAKE_PREFIX_PATH}:/home/as33697920/ros2_ws/install/my_robot_controller:/home/as33697920/ros2_ws/install/launch_testing_examples:/home/as33697920/ros2_ws/install/examples_rclpy_pointcloud_publisher:/home/as33697920/ros2_ws/install/examples_rclpy_minimal_subscriber:/home/as33697920/ros2_ws/install/examples_rclpy_minimal_service:/home/as33697920/ros2_ws/install/examples_rclpy_minimal_publisher:/home/as33697920/ros2_ws/install/examples_rclpy_minimal_client:/home/as33697920/ros2_ws/install/examples_rclpy_minimal_action_server:/home/as33697920/ros2_ws/install/examples_rclpy_minimal_action_client:/home/as33697920/ros2_ws/install/examples_rclpy_guard_conditions:/home/as33697920/ros2_ws/install/examples_rclpy_executors:/opt/ros/humble /usr/bin/cmake --install /home/as33697920/deu_ws/build/my_bot
[2.167s] Level 1:colcon.colcon_core.environment:create_environment_scripts_only(my_bot)
[2.167s] DEBUG:colcon.colcon_core.event_handler.log_command:Invoked command in '/home/as33697920/deu_ws/build/my_bot' returned '0': CMAKE_PREFIX_PATH=${CMAKE_PREFIX_PATH}:/home/as33697920/ros2_ws/install/my_robot_controller:/home/as33697920/ros2_ws/install/launch_testing_examples:/home/as33697920/ros2_ws/install/examples_rclpy_pointcloud_publisher:/home/as33697920/ros2_ws/install/examples_rclpy_minimal_subscriber:/home/as33697920/ros2_ws/install/examples_rclpy_minimal_service:/home/as33697920/ros2_ws/install/examples_rclpy_minimal_publisher:/home/as33697920/ros2_ws/install/examples_rclpy_minimal_client:/home/as33697920/ros2_ws/install/examples_rclpy_minimal_action_server:/home/as33697920/ros2_ws/install/examples_rclpy_minimal_action_client:/home/as33697920/ros2_ws/install/examples_rclpy_guard_conditions:/home/as33697920/ros2_ws/install/examples_rclpy_executors:/opt/ros/humble /usr/bin/cmake --install /home/as33697920/deu_ws/build/my_bot
[2.170s] Level 1:colcon.colcon_core.environment:checking '/home/as33697920/deu_ws/install/my_bot' for CMake module files
[2.170s] Level 1:colcon.colcon_core.environment:checking '/home/as33697920/deu_ws/install/my_bot' for CMake config files
[2.170s] Level 1:colcon.colcon_core.shell:create_environment_hook('my_bot', 'cmake_prefix_path')
[2.170s] INFO:colcon.colcon_core.shell:Creating environment hook '/home/as33697920/deu_ws/install/my_bot/share/my_bot/hook/cmake_prefix_path.ps1'
[2.171s] INFO:colcon.colcon_core.shell:Creating environment descriptor '/home/as33697920/deu_ws/install/my_bot/share/my_bot/hook/cmake_prefix_path.dsv'
[2.172s] INFO:colcon.colcon_core.shell:Creating environment hook '/home/as33697920/deu_ws/install/my_bot/share/my_bot/hook/cmake_prefix_path.sh'
[2.172s] Level 1:colcon.colcon_core.environment:checking '/home/as33697920/deu_ws/install/my_bot/bin'
[2.172s] Level 1:colcon.colcon_core.environment:checking '/home/as33697920/deu_ws/install/my_bot/lib/pkgconfig/my_bot.pc'
[2.173s] Level 1:colcon.colcon_core.environment:checking '/home/as33697920/deu_ws/install/my_bot/lib/python3.10/site-packages'
[2.173s] Level 1:colcon.colcon_core.environment:checking '/home/as33697920/deu_ws/install/my_bot/bin'
[2.173s] INFO:colcon.colcon_core.shell:Creating package script '/home/as33697920/deu_ws/install/my_bot/share/my_bot/package.ps1'
[2.174s] INFO:colcon.colcon_core.shell:Creating package descriptor '/home/as33697920/deu_ws/install/my_bot/share/my_bot/package.dsv'
[2.174s] INFO:colcon.colcon_core.shell:Creating package script '/home/as33697920/deu_ws/install/my_bot/share/my_bot/package.sh'
[2.174s] INFO:colcon.colcon_core.shell:Creating package script '/home/as33697920/deu_ws/install/my_bot/share/my_bot/package.bash'
[2.175s] INFO:colcon.colcon_core.shell:Creating package script '/home/as33697920/deu_ws/install/my_bot/share/my_bot/package.zsh'
[2.176s] Level 1:colcon.colcon_core.environment:create_file_with_runtime_dependencies(/home/as33697920/deu_ws/install/my_bot/share/colcon-core/packages/my_bot)
[2.192s] Level 1:colcon.colcon_core.environment:create_environment_scripts_only(my_bot)
[2.192s] Level 1:colcon.colcon_core.environment:checking '/home/as33697920/deu_ws/install/my_bot' for CMake module files
[2.193s] Level 1:colcon.colcon_core.environment:checking '/home/as33697920/deu_ws/install/my_bot' for CMake config files
[2.193s] Level 1:colcon.colcon_core.shell:create_environment_hook('my_bot', 'cmake_prefix_path')
[2.193s] INFO:colcon.colcon_core.shell:Creating environment hook '/home/as33697920/deu_ws/install/my_bot/share/my_bot/hook/cmake_prefix_path.ps1'
[2.193s] INFO:colcon.colcon_core.shell:Creating environment descriptor '/home/as33697920/deu_ws/install/my_bot/share/my_bot/hook/cmake_prefix_path.dsv'
[2.194s] INFO:colcon.colcon_core.shell:Creating environment hook '/home/as33697920/deu_ws/install/my_bot/share/my_bot/hook/cmake_prefix_path.sh'
[2.194s] Level 1:colcon.colcon_core.environment:checking '/home/as33697920/deu_ws/install/my_bot/bin'
[2.194s] Level 1:colcon.colcon_core.environment:checking '/home/as33697920/deu_ws/install/my_bot/lib/pkgconfig/my_bot.pc'
[2.194s] Level 1:colcon.colcon_core.environment:checking '/home/as33697920/deu_ws/install/my_bot/lib/python3.10/site-packages'
[2.195s] Level 1:colcon.colcon_core.environment:checking '/home/as33697920/deu_ws/install/my_bot/bin'
[2.195s] INFO:colcon.colcon_core.shell:Creating package script '/home/as33697920/deu_ws/install/my_bot/share/my_bot/package.ps1'
[2.195s] INFO:colcon.colcon_core.shell:Creating package descriptor '/home/as33697920/deu_ws/install/my_bot/share/my_bot/package.dsv'
[2.195s] INFO:colcon.colcon_core.shell:Creating package script '/home/as33697920/deu_ws/install/my_bot/share/my_bot/package.sh'
[2.196s] INFO:colcon.colcon_core.shell:Creating package script '/home/as33697920/deu_ws/install/my_bot/share/my_bot/package.bash'
[2.196s] INFO:colcon.colcon_core.shell:Creating package script '/home/as33697920/deu_ws/install/my_bot/share/my_bot/package.zsh'
[2.196s] Level 1:colcon.colcon_core.environment:create_file_with_runtime_dependencies(/home/as33697920/deu_ws/install/my_bot/share/colcon-core/packages/my_bot)
[2.196s] DEBUG:colcon.colcon_parallel_executor.executor.parallel:closing loop
[2.197s] DEBUG:colcon.colcon_parallel_executor.executor.parallel:loop closed
[2.197s] DEBUG:colcon.colcon_parallel_executor.executor.parallel:run_until_complete finished with '0'
[2.197s] DEBUG:colcon.colcon_core.event_reactor:joining thread
[2.242s] INFO:colcon.colcon_core.plugin_system:Skipping extension 'colcon_notification.desktop_notification.notify_send': Could not find 'notify-send'
[2.243s] INFO:colcon.colcon_core.plugin_system:Skipping extension 'colcon_notification.desktop_notification.terminal_notifier': Not used on non-Darwin systems
[2.243s] INFO:colcon.colcon_core.plugin_system:Skipping extension 'colcon_notification.desktop_notification.win32': Not used on non-Windows systems
[2.243s] INFO:colcon.colcon_notification.desktop_notification:Sending desktop notification using 'notify2'
[2.264s] DEBUG:colcon.colcon_notification.desktop_notification.notify2:Failed to initialize notify2: org.freedesktop.DBus.Error.ServiceUnknown: The name org.freedesktop.Notifications was not provided by any .service files
[2.265s] DEBUG:colcon.colcon_core.event_reactor:joined thread
[2.265s] INFO:colcon.colcon_core.shell:Creating prefix script '/home/as33697920/deu_ws/install/local_setup.ps1'
[2.266s] INFO:colcon.colcon_core.shell:Creating prefix util module '/home/as33697920/deu_ws/install/_local_setup_util_ps1.py'
[2.267s] INFO:colcon.colcon_core.shell:Creating prefix chain script '/home/as33697920/deu_ws/install/setup.ps1'
[2.268s] INFO:colcon.colcon_core.shell:Creating prefix script '/home/as33697920/deu_ws/install/local_setup.sh'
[2.269s] INFO:colcon.colcon_core.shell:Creating prefix util module '/home/as33697920/deu_ws/install/_local_setup_util_sh.py'
[2.269s] INFO:colcon.colcon_core.shell:Creating prefix chain script '/home/as33697920/deu_ws/install/setup.sh'
[2.270s] INFO:colcon.colcon_core.shell:Creating prefix script '/home/as33697920/deu_ws/install/local_setup.bash'
[2.271s] INFO:colcon.colcon_core.shell:Creating prefix chain script '/home/as33697920/deu_ws/install/setup.bash'
[2.272s] INFO:colcon.colcon_core.shell:Creating prefix script '/home/as33697920/deu_ws/install/local_setup.zsh'
[2.272s] INFO:colcon.colcon_core.shell:Creating prefix chain script '/home/as33697920/deu_ws/install/setup.zsh'
